[INFO][request.go:12]2020/01/04 08:49:19 [Desc.Required Can not be empty]
[INFO][request.go:12]2020/01/04 08:49:19 [CoverImageUrl.Required Can not be empty]
[INFO][request.go:12]2020/01/04 08:49:38 [Desc.Required Can not be empty]
[INFO][request.go:12]2020/01/04 08:49:38 [CoverImageUrl.Required Can not be empty]
[INFO][request.go:12]2020/01/04 08:49:56 [Desc.Required Can not be empty]
[INFO][request.go:12]2020/01/04 08:49:56 [CoverImageUrl.Required Can not be empty]
[INFO][request.go:12]2020/01/04 08:50:19 [Desc.Required Can not be empty]
[INFO][request.go:12]2020/01/04 08:50:19 [CoverImageUrl.Required Can not be empty]
[INFO][request.go:12]2020/01/04 08:51:36 [Desc.Required Can not be empty]
[INFO][request.go:12]2020/01/04 08:51:36 [CoverImageUrl.Required Can not be empty]
[INFO][request.go:12]2020/01/04 08:51:47 [Desc.Required Can not be empty]
[INFO][request.go:12]2020/01/04 08:51:47 [CoverImageUrl.Required Can not be empty]
[INFO][request.go:12]2020/01/04 08:52:23 [Desc.Required Can not be empty]
[INFO][request.go:12]2020/01/04 08:52:23 [ModifiedBy.Required Can not be empty]
[INFO][request.go:12]2020/01/04 08:52:23 [CoverImageUrl.Required Can not be empty]
[INFO][request.go:12]2020/01/04 08:52:50 [Desc.Required Can not be empty]
[INFO][request.go:12]2020/01/04 08:52:50 [ModifiedBy.Required Can not be empty]
[INFO][request.go:12]2020/01/04 08:52:50 [CoverImageUrl.Required Can not be empty]
[INFO][request.go:12]2020/01/04 09:07:20 [CoverImageUrl.Required Can not be empty]
[INFO][request.go:12]2020/01/04 09:08:08 [ModifiedBy.Required Can not be empty]
[INFO][request.go:12]2020/01/04 09:08:08 [CoverImageUrl.Required Can not be empty]
[INFO][request.go:12]2020/01/04 09:08:24 [ModifiedBy.Required Can not be empty]
[INFO][request.go:12]2020/01/04 09:08:24 [CoverImageUrl.Required Can not be empty]
[INFO][request.go:12]2020/01/04 09:08:34 [ModifiedBy.Required Can not be empty]
[INFO][request.go:12]2020/01/04 09:08:34 [CoverImageUrl.Required Can not be empty]
[INFO][request.go:12]2020/01/04 09:08:48 [ModifiedBy.Required Can not be empty]
[INFO][request.go:12]2020/01/04 09:08:48 [CoverImageUrl.Required Can not be empty]
[INFO][request.go:12]2020/01/04 09:08:56 [ModifiedBy.Required Can not be empty]
[INFO][request.go:12]2020/01/04 09:08:56 [CoverImageUrl.Required Can not be empty]
[INFO][request.go:12]2020/01/04 09:09:00 [ModifiedBy.Required Can not be empty]
[INFO][request.go:12]2020/01/04 09:09:00 [CoverImageUrl.Required Can not be empty]
[INFO][request.go:12]2020/01/04 09:09:29 [ModifiedBy.Required Can not be empty]
[INFO][request.go:12]2020/01/04 09:09:29 [CoverImageUrl.Required Can not be empty]
[INFO][request.go:12]2020/01/04 09:13:41 [CoverImageUrl.Required Can not be empty]
[INFO][request.go:12]2020/01/04 09:14:40 [TagID.Required Can not be empty]
[INFO][request.go:12]2020/01/04 09:14:40 [TagID.Min Minimum is 1]
[INFO][request.go:12]2020/01/04 09:14:40 [CoverImageUrl.Required Can not be empty]
[INFO][request.go:12]2020/01/04 09:14:46 [TagID.Required Can not be empty]
[INFO][request.go:12]2020/01/04 09:14:46 [TagID.Min Minimum is 1]
[INFO][request.go:12]2020/01/04 09:14:46 [Title.Required Can not be empty]
[INFO][request.go:12]2020/01/04 09:14:46 [Desc.Required Can not be empty]
[INFO][request.go:12]2020/01/04 09:14:46 [Content.Required Can not be empty]
[INFO][request.go:12]2020/01/04 09:14:46 [CoverImageUrl.Required Can not be empty]
[INFO][request.go:12]2020/01/04 09:15:19 [TagID.Required Can not be empty]
[INFO][request.go:12]2020/01/04 09:15:19 [TagID.Min Minimum is 1]
[INFO][request.go:12]2020/01/04 09:15:19 [Title.Required Can not be empty]
[INFO][request.go:12]2020/01/04 09:15:19 [Desc.Required Can not be empty]
[INFO][request.go:12]2020/01/04 09:15:19 [Content.Required Can not be empty]
[INFO][request.go:12]2020/01/04 09:15:19 [CoverImageUrl.Required Can not be empty]
[INFO][request.go:12]2020/01/04 09:17:35 [CoverImageUrl.Required Can not be empty]
[INFO][request.go:12]2020/01/04 09:19:46 [CoverImageUrl.Required Can not be empty]
[INFO][request.go:12]2020/01/04 09:23:20 [CoverImageUrl.Required Can not be empty]
[INFO][request.go:12]2020/01/04 09:26:12 [CoverImageUrl.Required Can not be empty]
[INFO][request.go:12]2020/01/04 09:31:41 [CoverImageUrl.Required Can not be empty]
